<?xml version="1.0" encoding="UTF-8"?>
<testng-results skipped="0" failed="0" total="1" passed="1">
  <reporter-output>
  </reporter-output>
  <suite name="Suite" duration-ms="48807" started-at="2018-01-06T12:53:51Z" finished-at="2018-01-06T12:54:40Z">
    <groups>
      <group name="cucumber">
        <method signature="AbstractTestNGCucumberTests.feature(cucumber.api.testng.CucumberFeatureWrapper)[pri:0, instance:com.cucumber.framework.runner.CommonRunner@6eebc39e]" name="feature" class="cucumber.api.testng.AbstractTestNGCucumberTests"/>
      </group> <!-- cucumber -->
    </groups>
    <test name="Test" duration-ms="48807" started-at="2018-01-06T12:53:51Z" finished-at="2018-01-06T12:54:40Z">
      <class name="com.cucumber.framework.runner.CommonRunner">
        <test-method status="PASS" signature="setUpClass()[pri:0, instance:com.cucumber.framework.runner.CommonRunner@6eebc39e]" name="setUpClass" is-config="true" duration-ms="258" started-at="2018-01-06T18:23:51Z" finished-at="2018-01-06T18:23:51Z">
          <reporter-output>
          </reporter-output>
        </test-method> <!-- setUpClass -->
        <test-method status="PASS" signature="feature(cucumber.api.testng.CucumberFeatureWrapper)[pri:0, instance:com.cucumber.framework.runner.CommonRunner@6eebc39e]" name="feature" duration-ms="48465" started-at="2018-01-06T18:23:51Z" description="Runs Cucumber Feature" data-provider="features" finished-at="2018-01-06T18:24:40Z">
          <params>
            <param index="0">
              <value>
                <![CDATA[Registration Form Testing]]>
              </value>
            </param>
          </params>
          <reporter-output>
          </reporter-output>
        </test-method> <!-- feature -->
        <test-method status="PASS" signature="tearDownClass()[pri:0, instance:com.cucumber.framework.runner.CommonRunner@6eebc39e]" name="tearDownClass" is-config="true" duration-ms="12" started-at="2018-01-06T18:24:40Z" finished-at="2018-01-06T18:24:40Z">
          <reporter-output>
          </reporter-output>
        </test-method> <!-- tearDownClass -->
      </class> <!-- com.cucumber.framework.runner.CommonRunner -->
    </test> <!-- Test -->
  </suite> <!-- Suite -->
</testng-results>
